# JRE version: OpenJDK Runtime Environment (21.0+35) (build 21+35-2513)
# Java VM: OpenJDK 64-Bit Server VM (21+35-2513, mixed mode, emulated-client, sharing, tiered, compressed oops, compressed class ptrs, g1 gc, windows-amd64)
GC Precious Log:
 CardTable entry size: 512
 Card Set container configuration: InlinePtr #cards 5 size 8 Array Of Cards #cards 12 size 40 Howl #buckets 4 coarsen threshold 1843 Howl Bitmap #cards 512 size 80 coarsen threshold 460 Card regions per heap region 1 cards per card region 2048
 CPUs: 8 total, 8 available
 Memory: 8043M
 Large Page Support: Disabled
 NUMA Support: Disabled
 Compressed Oops: Enabled (32-bit)
 Heap Region Size: 1M
 Heap Min Capacity: 8M
 Heap Initial Capacity: 126M
 Heap Max Capacity: 2012M
 Pre-touch: Disabled
 Parallel Workers: 8
 Concurrent Workers: 2
 Concurrent Refinement Workers: 8
 Periodic GC: Disabled
Heap:
 garbage-first heap   total 61440K, used 48843K [0x0000000082400000, 0x0000000100000000)
  region size 1024K, 25 young (25600K), 3 survivors (3072K)
 Metaspace       used 63915K, committed 64640K, reserved 1114112K
  class space    used 9111K, committed 9408K, reserved 1048576K
GC Heap History (20 events):
Event: 1.606 GC heap before
{Heap before GC invocations=1 (full 0):
 garbage-first heap   total 129024K, used 36437K [0x0000000082400000, 0x0000000100000000)
  region size 1024K, 32 young (32768K), 3 survivors (3072K)
 Metaspace       used 12730K, committed 12992K, reserved 1114112K
  class space    used 1684K, committed 1792K, reserved 1048576K
}
Event: 1.615 GC heap after
{Heap after GC invocations=2 (full 0):
 garbage-first heap   total 129024K, used 10364K [0x0000000082400000, 0x0000000100000000)
  region size 1024K, 3 young (3072K), 3 survivors (3072K)
 Metaspace       used 12730K, committed 12992K, reserved 1114112K
  class space    used 1684K, committed 1792K, reserved 1048576K
}
Event: 2.414 GC heap before
{Heap before GC invocations=2 (full 0):
 garbage-first heap   total 129024K, used 45180K [0x0000000082400000, 0x0000000100000000)
  region size 1024K, 39 young (39936K), 3 survivors (3072K)
 Metaspace       used 17910K, committed 18240K, reserved 1114112K
  class space    used 2407K, committed 2560K, reserved 1048576K
}
Event: 2.425 GC heap after
{Heap after GC invocations=3 (full 0):
 garbage-first heap   total 129024K, used 13796K [0x0000000082400000, 0x0000000100000000)
  region size 1024K, 6 young (6144K), 6 survivors (6144K)
 Metaspace       used 17910K, committed 18240K, reserved 1114112K
  class space    used 2407K, committed 2560K, reserved 1048576K
}
Event: 2.930 GC heap before
{Heap before GC invocations=4 (full 0):
 garbage-first heap   total 51200K, used 38372K [0x0000000082400000, 0x0000000100000000)
  region size 1024K, 30 young (30720K), 6 survivors (6144K)
 Metaspace       used 21336K, committed 21824K, reserved 1114112K
  class space    used 2934K, committed 3136K, reserved 1048576K
}
Event: 2.941 GC heap after
{Heap after GC invocations=5 (full 0):
 garbage-first heap   total 51200K, used 15778K [0x0000000082400000, 0x0000000100000000)
  region size 1024K, 2 young (2048K), 2 survivors (2048K)
 Metaspace       used 21336K, committed 21824K, reserved 1114112K
  class space    used 2934K, committed 3136K, reserved 1048576K
}
Event: 3.649 GC heap before
{Heap before GC invocations=5 (full 0):
 garbage-first heap   total 51200K, used 38306K [0x0000000082400000, 0x0000000100000000)
  region size 1024K, 25 young (25600K), 2 survivors (2048K)
 Metaspace       used 26125K, committed 26688K, reserved 1114112K
  class space    used 3609K, committed 3840K, reserved 1048576K
}
Event: 3.658 GC heap after
{Heap after GC invocations=6 (full 0):
 garbage-first heap   total 51200K, used 18238K [0x0000000082400000, 0x0000000100000000)
  region size 1024K, 4 young (4096K), 4 survivors (4096K)
 Metaspace       used 26125K, committed 26688K, reserved 1114112K
  class space    used 3609K, committed 3840K, reserved 1048576K
}
Event: 4.075 GC heap before
{Heap before GC invocations=6 (full 0):
 garbage-first heap   total 51200K, used 39742K [0x0000000082400000, 0x0000000100000000)
  region size 1024K, 26 young (26624K), 4 survivors (4096K)
 Metaspace       used 29938K, committed 30400K, reserved 1114112K
  class space    used 4151K, committed 4352K, reserved 1048576K
}
Event: 4.080 GC heap after
{Heap after GC invocations=7 (full 0):
 garbage-first heap   total 61440K, used 19786K [0x0000000082400000, 0x0000000100000000)
  region size 1024K, 2 young (2048K), 2 survivors (2048K)
 Metaspace       used 29938K, committed 30400K, reserved 1114112K
  class space    used 4151K, committed 4352K, reserved 1048576K
}
Event: 4.921 GC heap before
{Heap before GC invocations=8 (full 0):
 garbage-first heap   total 61440K, used 49482K [0x0000000082400000, 0x0000000100000000)
  region size 1024K, 32 young (32768K), 2 survivors (2048K)
 Metaspace       used 37716K, committed 38272K, reserved 1114112K
  class space    used 5274K, committed 5568K, reserved 1048576K
}
Event: 4.924 GC heap after
{Heap after GC invocations=9 (full 0):
 garbage-first heap   total 61440K, used 21721K [0x0000000082400000, 0x0000000100000000)
  region size 1024K, 4 young (4096K), 4 survivors (4096K)
 Metaspace       used 37716K, committed 38272K, reserved 1114112K
  class space    used 5274K, committed 5568K, reserved 1048576K
}
Event: 5.482 GC heap before
{Heap before GC invocations=9 (full 0):
 garbage-first heap   total 61440K, used 50393K [0x0000000082400000, 0x0000000100000000)
  region size 1024K, 33 young (33792K), 4 survivors (4096K)
 Metaspace       used 45292K, committed 45888K, reserved 1114112K
  class space    used 6360K, committed 6656K, reserved 1048576K
}
Event: 5.486 GC heap after
{Heap after GC invocations=10 (full 0):
 garbage-first heap   total 61440K, used 23044K [0x0000000082400000, 0x0000000100000000)
  region size 1024K, 5 young (5120K), 5 survivors (5120K)
 Metaspace       used 45292K, committed 45888K, reserved 1114112K
  class space    used 6360K, committed 6656K, reserved 1048576K
}
Event: 5.926 GC heap before
{Heap before GC invocations=10 (full 0):
 garbage-first heap   total 61440K, used 43524K [0x0000000082400000, 0x0000000100000000)
  region size 1024K, 26 young (26624K), 5 survivors (5120K)
 Metaspace       used 50519K, committed 51136K, reserved 1114112K
  class space    used 7194K, committed 7488K, reserved 1048576K
}
Event: 5.930 GC heap after
{Heap after GC invocations=11 (full 0):
 garbage-first heap   total 61440K, used 24075K [0x0000000082400000, 0x0000000100000000)
  region size 1024K, 3 young (3072K), 3 survivors (3072K)
 Metaspace       used 50519K, committed 51136K, reserved 1114112K
  class space    used 7194K, committed 7488K, reserved 1048576K
}
Event: 6.743 GC heap before
{Heap before GC invocations=12 (full 0):
 garbage-first heap   total 61440K, used 53771K [0x0000000082400000, 0x0000000100000000)
  region size 1024K, 32 young (32768K), 3 survivors (3072K)
 Metaspace       used 55458K, committed 56064K, reserved 1114112K
  class space    used 7920K, committed 8192K, reserved 1048576K
}
Event: 6.747 GC heap after
{Heap after GC invocations=13 (full 0):
 garbage-first heap   total 61440K, used 26456K [0x0000000082400000, 0x0000000100000000)
  region size 1024K, 4 young (4096K), 4 survivors (4096K)
 Metaspace       used 55458K, committed 56064K, reserved 1114112K
  class space    used 7920K, committed 8192K, reserved 1048576K
}
Event: 165.625 GC heap before
{Heap before GC invocations=13 (full 0):
 garbage-first heap   total 61440K, used 53080K [0x0000000082400000, 0x0000000100000000)
  region size 1024K, 30 young (30720K), 4 survivors (4096K)
 Metaspace       used 58717K, committed 59392K, reserved 1114112K
  class space    used 8413K, committed 8704K, reserved 1048576K
}
Event: 165.648 GC heap after
{Heap after GC invocations=14 (full 0):
 garbage-first heap   total 61440K, used 28363K [0x0000000082400000, 0x0000000100000000)
  region size 1024K, 3 young (3072K), 3 survivors (3072K)
 Metaspace       used 58717K, committed 59392K, reserved 1114112K
  class space    used 8413K, committed 8704K, reserved 1048576K
}

